<?xml version="1.0" encoding="UTF-8"?>
<!-- Generated by org.testng.reporters.JUnitReportReporter -->
<testsuite hostname="DESKTOP-GKKM33V" failures="0" tests="1" name="com.TestScenarios.TC007_ExtractNode_TextFromResponseUsingJsonPath" time="2.633" errors="0" timestamp="12 Jan 2022 11:18:04 GMT" skipped="0">
  <testcase classname="com.TestScenarios.TC007_ExtractNode_TextFromResponseUsingJsonPath" name="VerifyCityInJsonResponse" time="2.633"/>
</testsuite> <!-- com.TestScenarios.TC007_ExtractNode_TextFromResponseUsingJsonPath -->
