<?xml version="1.0" encoding="UTF-8"?>
<!-- Generated by org.testng.reporters.JUnitReportReporter -->
<testsuite hostname="DESKTOP-GKKM33V" failures="0" tests="1" name="com.TestScenarios.GetAllHeaders" time="2.880" errors="0" timestamp="10 Jan 2022 09:26:45 GMT" skipped="0">
  <testcase classname="com.TestScenarios.GetAllHeaders" name="IteratingOverHeaders" time="2.880"/>
</testsuite> <!-- com.TestScenarios.GetAllHeaders -->
