<?xml version="1.0" encoding="UTF-8"?>
<!-- Generated by org.testng.reporters.JUnitReportReporter -->
<testsuite hostname="DESKTOP-GKKM33V" failures="0" tests="1" name="com.TestScenarios.TC003_ValidateResponseHeaderUsingRestAssured" time="1.702" errors="0" timestamp="12 Jan 2022 09:07:04 GMT" skipped="0">
  <testcase classname="com.TestScenarios.TC003_ValidateResponseHeaderUsingRestAssured" name="GetWeatherHeaders" time="1.702"/>
</testsuite> <!-- com.TestScenarios.TC003_ValidateResponseHeaderUsingRestAssured -->
