<?xml version="1.0" encoding="UTF-8"?>
<!-- Generated by org.testng.reporters.JUnitReportReporter -->
<testsuite hostname="LAPTOP-8N6FEN18" failures="0" tests="1" name="com.TestScenarios.TC009_POST_RequestUsingRestAssured" time="4.997" errors="0" timestamp="2022-01-13T00:15:09 IST" skipped="0">
  <testcase classname="com.TestScenarios.TC009_POST_RequestUsingRestAssured" name="RegistrationSuccessful" time="4.997"/>
  <system-out/>
</testsuite> <!-- com.TestScenarios.TC009_POST_RequestUsingRestAssured -->
