<?xml version="1.0" encoding="UTF-8"?>
<!-- Generated by org.testng.reporters.JUnitReportReporter -->
<testsuite hostname="DESKTOP-GKKM33V" failures="0" tests="1" name="com.TestScenarios.TC004_PrintAllHeadersFromHTTPresponse" time="1.919" errors="0" timestamp="12 Jan 2022 09:31:47 GMT" skipped="0">
  <testcase classname="com.TestScenarios.TC004_PrintAllHeadersFromHTTPresponse" name="IteratingOverHeaders" time="1.919"/>
</testsuite> <!-- com.TestScenarios.TC004_PrintAllHeadersFromHTTPresponse -->
