<?xml version="1.0" encoding="UTF-8"?>
<!-- Generated by org.testng.reporters.JUnitReportReporter -->
<testsuite hostname="DESKTOP-GKKM33V" failures="0" tests="1" name="com.TestScenarios.ReadJSON_ResponseBodyUsingRestAssured" time="2.417" errors="0" timestamp="12 Jan 2022 09:44:56 GMT" skipped="0">
  <testcase classname="com.TestScenarios.ReadJSON_ResponseBodyUsingRestAssured" name="WeatherMessageBody" time="2.417"/>
</testsuite> <!-- com.TestScenarios.ReadJSON_ResponseBodyUsingRestAssured -->
