<?xml version="1.0" encoding="UTF-8"?>
<!-- Generated by org.testng.reporters.JUnitReportReporter -->
<testsuite hostname="LAPTOP-8N6FEN18" failures="0" tests="1" name="com.TestScenarios.TC001_SimpleGetTest" time="3.862" errors="0" timestamp="2022-01-13T00:11:40 IST" skipped="0">
  <testcase classname="com.TestScenarios.TC001_SimpleGetTest" name="GetWeatherDetails" time="3.862"/>
  <system-out/>
</testsuite> <!-- com.TestScenarios.TC001_SimpleGetTest -->
