<?xml version="1.0" encoding="UTF-8"?>
<!-- Generated by org.testng.reporters.JUnitReportReporter -->
<testsuite hostname="DESKTOP-GKKM33V" failures="0" tests="1" name="com.TestScenarios.TC002_ValidateResponseStatusCode" time="1.957" errors="0" timestamp="12 Jan 2022 08:17:53 GMT" skipped="0">
  <testcase classname="com.TestScenarios.TC002_ValidateResponseStatusCode" name="GetWeatherDetails" time="1.957"/>
</testsuite> <!-- com.TestScenarios.TC002_ValidateResponseStatusCode -->
