<?xml version="1.0" encoding="UTF-8"?>
<!-- Generated by org.testng.reporters.JUnitReportReporter -->
<testsuite hostname="DESKTOP-GKKM33V" failures="0" tests="2" name="com.TestScenarios.TC004And005_PrintAllHeadersFromHTTPresponse" time="2.402" errors="0" timestamp="12 Jan 2022 09:41:43 GMT" skipped="0">
  <testcase classname="com.TestScenarios.TC004And005_PrintAllHeadersFromHTTPresponse" name="validateResponseHeader" time="0.556"/>
  <testcase classname="com.TestScenarios.TC004And005_PrintAllHeadersFromHTTPresponse" name="IteratingOverHeaders" time="1.846"/>
</testsuite> <!-- com.TestScenarios.TC004And005_PrintAllHeadersFromHTTPresponse -->
