<?xml version="1.0" encoding="UTF-8"?>
<!-- Generated by org.testng.reporters.JUnitReportReporter -->
<testsuite hostname="DESKTOP-GKKM33V" failures="0" tests="1" name="com.TestScenarios.QueryParametersInRestAssured" time="2.094" errors="0" timestamp="12 Jan 2022 11:31:34 GMT" skipped="0">
  <testcase classname="com.TestScenarios.QueryParametersInRestAssured" name="queryParameter" time="2.094"/>
</testsuite> <!-- com.TestScenarios.QueryParametersInRestAssured -->
